<?xml version="1.0" encoding="UTF-8"?>
<!-- Generated by org.testng.reporters.JUnitReportReporter -->
<testsuite hostname="Aaradana" failures="0" tests="1" name="interviewQuestions.ExceptionsHandling" time="2.018" errors="0" timestamp="2022-03-19T18:20:11 EDT" skipped="0">
  <testcase classname="interviewQuestions.ExceptionsHandling" name="test" time="2.018"/>
  <system-out/>
</testsuite> <!-- interviewQuestions.ExceptionsHandling -->
