<?xml version="1.0" encoding="UTF-8"?>
<!-- Generated by org.testng.reporters.JUnitReportReporter -->
<testsuite hostname="Aaradana" failures="0" tests="2" name="interviewQuestions.AnnotationTest" time="0.007" errors="0" timestamp="2022-04-14T11:06:46 EDT" skipped="0">
  <testcase classname="interviewQuestions.AnnotationTest" name="test_1" time="0.006"/>
  <system-out/>
  <testcase classname="interviewQuestions.AnnotationTest" name="test_2" time="0.001"/>
  <system-out/>
</testsuite> <!-- interviewQuestions.AnnotationTest -->
