<?xml version="1.0" encoding="UTF-8"?>
<!-- Generated by org.testng.reporters.JUnitReportReporter -->
<testsuite hostname="Aaradana" failures="0" tests="2" name="interviewQuestions.DependsOnFails" time="0.007" errors="0" timestamp="2022-03-19T18:33:32 EDT" skipped="0">
  <testcase classname="interviewQuestions.DependsOnFails" name="loveMarriage" time="0.001"/>
  <system-out/>
  <testcase classname="interviewQuestions.DependsOnFails" name="parentsPermission" time="0.006"/>
  <system-out/>
</testsuite> <!-- interviewQuestions.DependsOnFails -->
