<?xml version="1.0" encoding="UTF-8"?>
<!-- Generated by org.testng.reporters.JUnitReportReporter -->
<testsuite hostname="Aaradana" failures="0" tests="4" name="seleniumWithTestNG.TestWithPriority" time="0.003" errors="0" timestamp="2022-05-11T19:27:51 EDT" skipped="0">
  <testcase classname="seleniumWithTestNG.TestWithPriority" name="startEngine" time="0.001"/>
  <system-out/>
  <testcase classname="seleniumWithTestNG.TestWithPriority" name="putFirstGear" time="0.000"/>
  <system-out/>
  <testcase classname="seleniumWithTestNG.TestWithPriority" name="putSecondGear" time="0.001"/>
  <system-out/>
  <testcase classname="seleniumWithTestNG.TestWithPriority" name="putThirdGear" time="0.001"/>
  <system-out/>
</testsuite> <!-- seleniumWithTestNG.TestWithPriority -->
