<?xml version="1.0" encoding="UTF-8"?>
<!-- Generated by org.testng.reporters.JUnitReportReporter -->
<testsuite hostname="Aaradana" failures="0" tests="3" name="interviewQuestions.TestMultipleTimes" time="0.013" errors="0" timestamp="2022-03-19T18:07:12 EDT" skipped="0">
  <testcase classname="interviewQuestions.TestMultipleTimes" name="test" time="0.001"/>
  <system-out/>
  <testcase classname="interviewQuestions.TestMultipleTimes" name="test" time="0.011"/>
  <system-out/>
  <testcase classname="interviewQuestions.TestMultipleTimes" name="test" time="0.001"/>
  <system-out/>
</testsuite> <!-- interviewQuestions.TestMultipleTimes -->
