<?xml version="1.0" encoding="UTF-8"?>
<!-- Generated by org.testng.reporters.JUnitReportReporter -->
<testsuite hostname="Aaradana" failures="0" tests="3" name="seleniumWithTestNG.OpenSearchEngines_RewriteWithTestNGAnnotations" time="4.596" errors="0" timestamp="2022-05-11T19:09:18 EDT" skipped="0">
  <testcase classname="seleniumWithTestNG.OpenSearchEngines_RewriteWithTestNGAnnotations" name="openBing" time="0.198"/>
  <system-out/>
  <testcase classname="seleniumWithTestNG.OpenSearchEngines_RewriteWithTestNGAnnotations" name="openGoogle" time="0.926"/>
  <system-out/>
  <testcase classname="seleniumWithTestNG.OpenSearchEngines_RewriteWithTestNGAnnotations" name="openYahoo" time="3.472"/>
  <system-out/>
</testsuite> <!-- seleniumWithTestNG.OpenSearchEngines_RewriteWithTestNGAnnotations -->
