<?xml version="1.0" encoding="UTF-8"?>
<!-- Generated by org.testng.reporters.JUnitReportReporter -->
<testsuite hostname="Aaradana" failures="0" tests="3" name="seleniumWithTestNG.OpenSearchEngines" time="16.079" errors="0" timestamp="2022-05-11T19:19:58 EDT" skipped="0">
  <testcase classname="seleniumWithTestNG.OpenSearchEngines" name="openBing" time="3.436"/>
  <system-out/>
  <testcase classname="seleniumWithTestNG.OpenSearchEngines" name="openYahoo" time="8.457"/>
  <system-out/>
  <testcase classname="seleniumWithTestNG.OpenSearchEngines" name="openGoogle" time="4.186"/>
  <system-out/>
</testsuite> <!-- seleniumWithTestNG.OpenSearchEngines -->
