<?xml version="1.0" encoding="UTF-8"?>
<!-- Generated by org.testng.reporters.JUnitReportReporter -->
<testsuite hostname="Aaradana" failures="0" tests="6" name="seleniumWithTestNG.SkipTest" time="0.004" errors="0" timestamp="2022-05-11T19:27:51 EDT" skipped="1">
  <testcase classname="seleniumWithTestNG.SkipTest" name="wearSeatBelt" time="0.001"/>
  <system-out/>
  <testcase classname="seleniumWithTestNG.SkipTest" name="startEngine" time="0.001"/>
  <system-out/>
  <testcase classname="seleniumWithTestNG.SkipTest" name="putFirstGear" time="0.001"/>
  <system-out/>
  <testcase classname="seleniumWithTestNG.SkipTest" name="putSecondGear" time="0.000"/>
  <system-out/>
  <testcase classname="seleniumWithTestNG.SkipTest" name="putThirdGear" time="0.001"/>
  <system-out/>
  <testcase classname="seleniumWithTestNG.SkipTest" name="turnOnMusic">
    <skipped/>
  </testcase> <!-- turnOnMusic -->
  <system-out/>
</testsuite> <!-- seleniumWithTestNG.SkipTest -->
