<?xml version="1.0" encoding="UTF-8"?>
<!-- Generated by org.testng.reporters.JUnitReportReporter -->
<testsuite hostname="Aaradana" failures="0" tests="1" name="seleniumWithTestNG.WhoIsThis" time="0.000" errors="0" timestamp="2022-05-11T19:27:51 EDT" skipped="0">
  <testcase classname="seleniumWithTestNG.WhoIsThis" name="whoIsThis" time="0.000"/>
  <system-out/>
</testsuite> <!-- seleniumWithTestNG.WhoIsThis -->
