<?xml version="1.0" encoding="UTF-8"?>
<!-- Generated by org.testng.reporters.JUnitReportReporter -->
<testsuite hostname="Aaradana" failures="0" tests="1" name="seleniumWithTestNG.MyBrowserMyRules" time="0.545" errors="0" timestamp="2022-05-11T19:44:21 EDT" skipped="0">
  <testcase classname="seleniumWithTestNG.MyBrowserMyRules" name="openGoogle" time="0.545"/>
  <system-out/>
</testsuite> <!-- seleniumWithTestNG.MyBrowserMyRules -->
