<?xml version="1.0" encoding="UTF-8"?>
<!-- Generated by org.testng.reporters.JUnitReportReporter -->
<testsuite hostname="Aaradana" failures="0" tests="1" name="interviewQuestions.AssertVsVerify" time="0.013" errors="0" timestamp="2022-03-19T17:10:38 EDT" skipped="0">
  <testcase classname="interviewQuestions.AssertVsVerify" name="testVerify" time="0.013"/>
  <system-out/>
</testsuite> <!-- interviewQuestions.AssertVsVerify -->
